<?xml version="1.0" encoding="UTF-8"?>
<testsuite name="com.example.anketify.AnketifyApplicationTests" tests="1" skipped="0" failures="0" errors="0" timestamp="2021-04-18T10:12:11" hostname="Apples-MacBook-Air.local" time="0.264">
  <properties/>
  <testcase name="submitAnswersFailing()" classname="com.example.anketify.AnketifyApplicationTests" time="0.264"/>
  <system-out><![CDATA[13:11:56.583 [Test worker] DEBUG org.springframework.test.context.BootstrapUtils - Instantiating CacheAwareContextLoaderDelegate from class [org.springframework.test.context.cache.DefaultCacheAwareContextLoaderDelegate]
13:11:56.601 [Test worker] DEBUG org.springframework.test.context.BootstrapUtils - Instantiating BootstrapContext using constructor [public org.springframework.test.context.support.DefaultBootstrapContext(java.lang.Class,org.springframework.test.context.CacheAwareContextLoaderDelegate)]
13:11:56.691 [Test worker] DEBUG org.springframework.test.context.BootstrapUtils - Instantiating TestContextBootstrapper for test class [com.example.anketify.AnketifyApplicationTests] from class [org.springframework.boot.test.context.SpringBootTestContextBootstrapper]
13:11:56.728 [Test worker] INFO org.springframework.boot.test.context.SpringBootTestContextBootstrapper - Neither @ContextConfiguration nor @ContextHierarchy found for test class [com.example.anketify.AnketifyApplicationTests], using SpringBootContextLoader
13:11:56.733 [Test worker] DEBUG org.springframework.test.context.support.AbstractContextLoader - Did not detect default resource location for test class [com.example.anketify.AnketifyApplicationTests]: class path resource [com/example/anketify/AnketifyApplicationTests-context.xml] does not exist
13:11:56.735 [Test worker] DEBUG org.springframework.test.context.support.AbstractContextLoader - Did not detect default resource location for test class [com.example.anketify.AnketifyApplicationTests]: class path resource [com/example/anketify/AnketifyApplicationTestsContext.groovy] does not exist
13:11:56.737 [Test worker] INFO org.springframework.test.context.support.AbstractContextLoader - Could not detect default resource locations for test class [com.example.anketify.AnketifyApplicationTests]: no resource found for suffixes {-context.xml, Context.groovy}.
13:11:56.863 [Test worker] DEBUG org.springframework.test.context.support.ActiveProfilesUtils - Could not find an 'annotation declaring class' for annotation type [org.springframework.test.context.ActiveProfiles] and class [com.example.anketify.AnketifyApplicationTests]
13:11:57.092 [Test worker] DEBUG org.springframework.boot.test.context.SpringBootTestContextBootstrapper - @TestExecutionListeners is not present for class [com.example.anketify.AnketifyApplicationTests]: using defaults.
13:11:57.097 [Test worker] INFO org.springframework.boot.test.context.SpringBootTestContextBootstrapper - Loaded default TestExecutionListener class names from location [META-INF/spring.factories]: [org.springframework.security.test.context.support.WithSecurityContextTestExecutionListener, org.springframework.security.test.context.support.ReactorContextTestExecutionListener, org.springframework.boot.test.autoconfigure.restdocs.RestDocsTestExecutionListener, org.springframework.boot.test.autoconfigure.web.client.MockRestServiceServerResetTestExecutionListener, org.springframework.boot.test.autoconfigure.web.servlet.MockMvcPrintOnlyOnFailureTestExecutionListener, org.springframework.boot.test.autoconfigure.web.servlet.WebDriverTestExecutionListener, org.springframework.boot.test.autoconfigure.webservices.client.MockWebServiceServerTestExecutionListener, org.springframework.boot.test.mock.mockito.MockitoTestExecutionListener, org.springframework.boot.test.mock.mockito.ResetMocksTestExecutionListener, org.springframework.test.context.web.ServletTestExecutionListener, org.springframework.test.context.support.DirtiesContextBeforeModesTestExecutionListener, org.springframework.test.context.event.ApplicationEventsTestExecutionListener, org.springframework.test.context.support.DependencyInjectionTestExecutionListener, org.springframework.test.context.support.DirtiesContextTestExecutionListener, org.springframework.test.context.transaction.TransactionalTestExecutionListener, org.springframework.test.context.jdbc.SqlScriptsTestExecutionListener, org.springframework.test.context.event.EventPublishingTestExecutionListener]
13:11:57.131 [Test worker] INFO org.springframework.boot.test.context.SpringBootTestContextBootstrapper - Using TestExecutionListeners: [org.springframework.test.context.web.ServletTestExecutionListener@5184c8ff, org.springframework.test.context.support.DirtiesContextBeforeModesTestExecutionListener@5dfa135e, org.springframework.test.context.event.ApplicationEventsTestExecutionListener@4d290663, org.springframework.boot.test.mock.mockito.MockitoTestExecutionListener@439c71ea, org.springframework.boot.test.autoconfigure.SpringBootDependencyInjectionTestExecutionListener@34a89a56, org.springframework.test.context.support.DirtiesContextTestExecutionListener@39c51f7e, org.springframework.test.context.transaction.TransactionalTestExecutionListener@3c5a1c3b, org.springframework.test.context.jdbc.SqlScriptsTestExecutionListener@1c69397b, org.springframework.security.test.context.support.WithSecurityContextTestExecutionListener@6c637a8a, org.springframework.test.context.event.EventPublishingTestExecutionListener@7d4cb697, org.springframework.security.test.context.support.ReactorContextTestExecutionListener@119bd6c1, org.springframework.boot.test.autoconfigure.restdocs.RestDocsTestExecutionListener@44ec8768, org.springframework.boot.test.autoconfigure.web.client.MockRestServiceServerResetTestExecutionListener@33ac1255, org.springframework.boot.test.autoconfigure.web.servlet.MockMvcPrintOnlyOnFailureTestExecutionListener@2bccf2b9, org.springframework.boot.test.autoconfigure.web.servlet.WebDriverTestExecutionListener@64ae04df, org.springframework.boot.test.autoconfigure.webservices.client.MockWebServiceServerTestExecutionListener@445918e5, org.springframework.boot.test.mock.mockito.ResetMocksTestExecutionListener@17b49481]
13:11:57.136 [Test worker] DEBUG org.springframework.test.context.support.AbstractDirtiesContextTestExecutionListener - Before test class: context [DefaultTestContext@34f5f5a0 testClass = AnketifyApplicationTests, testInstance = [null], testMethod = [null], testException = [null], mergedContextConfiguration = [WebMergedContextConfiguration@47947471 testClass = AnketifyApplicationTests, locations = '{}', classes = '{class com.example.anketify.AnketifyApplication}', contextInitializerClasses = '[]', activeProfiles = '{}', propertySourceLocations = '{}', propertySourceProperties = '{org.springframework.boot.test.context.SpringBootTestContextBootstrapper=true}', contextCustomizers = set[org.springframework.boot.test.autoconfigure.actuate.metrics.MetricsExportContextCustomizerFactory$DisableMetricExportContextCustomizer@23a73dab, org.springframework.boot.test.autoconfigure.properties.PropertyMappingContextCustomizer@4b3fa0b3, org.springframework.boot.test.autoconfigure.web.servlet.WebDriverContextCustomizerFactory$Customizer@2b83d93b, [ImportsContextCustomizer@6b6871f2 key = [org.springframework.boot.test.autoconfigure.web.servlet.MockMvcAutoConfiguration, org.springframework.boot.test.autoconfigure.web.servlet.MockMvcWebClientAutoConfiguration, org.springframework.boot.test.autoconfigure.web.servlet.MockMvcWebDriverAutoConfiguration, org.springframework.boot.autoconfigure.security.oauth2.client.servlet.OAuth2ClientAutoConfiguration, org.springframework.boot.autoconfigure.security.oauth2.resource.servlet.OAuth2ResourceServerAutoConfiguration, org.springframework.boot.autoconfigure.security.servlet.SecurityAutoConfiguration, org.springframework.boot.autoconfigure.security.servlet.SecurityFilterAutoConfiguration, org.springframework.boot.autoconfigure.security.servlet.UserDetailsServiceAutoConfiguration, org.springframework.boot.test.autoconfigure.web.servlet.MockMvcSecurityConfiguration]], org.springframework.boot.test.context.filter.ExcludeFilterContextCustomizer@1c0e8a6b, org.springframework.boot.test.json.DuplicateJsonObjectContextCustomizerFactory$DuplicateJsonObjectContextCustomizer@6f8f1f58, org.springframework.boot.test.mock.mockito.MockitoContextCustomizer@0, org.springframework.boot.test.web.client.TestRestTemplateContextCustomizer@1847f694, org.springframework.boot.test.context.SpringBootTestArgs@1, org.springframework.boot.test.context.SpringBootTestWebEnvironment@2410ed5b], resourceBasePath = 'src/main/webapp', contextLoader = 'org.springframework.boot.test.context.SpringBootContextLoader', parent = [null]], attributes = map['org.springframework.test.context.web.ServletTestExecutionListener.activateListener' -> true]], class annotated with @DirtiesContext [true] with mode [AFTER_EACH_TEST_METHOD].
13:11:57.197 [Test worker] DEBUG org.springframework.test.context.support.TestPropertySourceUtils - Adding inlined properties to environment: {spring.jmx.enabled=false, org.springframework.boot.test.context.SpringBootTestContextBootstrapper=true}

  .   ____          _            __ _ _
 /\\ / ___'_ __ _ _(_)_ __  __ _ \ \ \ \
( ( )\___ | '_ | '_| | '_ \/ _` | \ \ \ \
 \\/  ___)| |_)| | | | | || (_| |  ) ) ) )
  '  |____| .__|_| |_|_| |_\__, | / / / /
 =========|_|==============|___/=/_/_/_/
 :: Spring Boot ::                (v2.4.4)

2021-04-18 13:12:02.829  INFO 94071 --- [    Test worker] c.e.anketify.AnketifyApplicationTests    : Starting AnketifyApplicationTests using Java 15 on Apples-MacBook-Air.local with PID 94071 (started by apple in /Users/apple/AnketifyProject/anketify)
2021-04-18 13:12:02.835  INFO 94071 --- [    Test worker] c.e.anketify.AnketifyApplicationTests    : No active profile set, falling back to default profiles: default
2021-04-18 13:12:05.091  INFO 94071 --- [    Test worker] .s.d.r.c.RepositoryConfigurationDelegate : Bootstrapping Spring Data JPA repositories in DEFAULT mode.
2021-04-18 13:12:05.218  INFO 94071 --- [    Test worker] .s.d.r.c.RepositoryConfigurationDelegate : Finished Spring Data repository scanning in 111 ms. Found 6 JPA repository interfaces.
2021-04-18 13:12:05.827  INFO 94071 --- [    Test worker] trationDelegate$BeanPostProcessorChecker : Bean 'org.springframework.security.access.expression.method.DefaultMethodSecurityExpressionHandler@6a41f345' of type [org.springframework.security.access.expression.method.DefaultMethodSecurityExpressionHandler] is not eligible for getting processed by all BeanPostProcessors (for example: not eligible for auto-proxying)
2021-04-18 13:12:05.849  INFO 94071 --- [    Test worker] trationDelegate$BeanPostProcessorChecker : Bean 'methodSecurityMetadataSource' of type [org.springframework.security.access.method.DelegatingMethodSecurityMetadataSource] is not eligible for getting processed by all BeanPostProcessors (for example: not eligible for auto-proxying)
2021-04-18 13:12:06.219  INFO 94071 --- [    Test worker] com.zaxxer.hikari.HikariDataSource       : HikariPool-1 - Starting...
2021-04-18 13:12:06.412  INFO 94071 --- [    Test worker] com.zaxxer.hikari.HikariDataSource       : HikariPool-1 - Start completed.
2021-04-18 13:12:06.575  INFO 94071 --- [    Test worker] o.hibernate.jpa.internal.util.LogHelper  : HHH000204: Processing PersistenceUnitInfo [name: default]
2021-04-18 13:12:06.668  INFO 94071 --- [    Test worker] org.hibernate.Version                    : HHH000412: Hibernate ORM core version 5.4.29.Final
2021-04-18 13:12:06.940  INFO 94071 --- [    Test worker] o.hibernate.annotations.common.Version   : HCANN000001: Hibernate Commons Annotations {5.1.2.Final}
2021-04-18 13:12:07.138  INFO 94071 --- [    Test worker] org.hibernate.dialect.Dialect            : HHH000400: Using dialect: org.hibernate.dialect.PostgreSQL10Dialect
2021-04-18 13:12:07.848  INFO 94071 --- [    Test worker] org.hibernate.orm.connections.access     : HHH10001501: Connection obtained from JdbcConnectionAccess [org.hibernate.engine.jdbc.env.internal.JdbcEnvironmentInitiator$ConnectionProviderJdbcConnectionAccess@1ec211b7] for (non-JTA) DDL execution was not in auto-commit mode; the Connection 'local transaction' will be committed and the Connection will be set into auto-commit mode.
2021-04-18 13:12:08.107  INFO 94071 --- [    Test worker] o.h.e.t.j.p.i.JtaPlatformInitiator       : HHH000490: Using JtaPlatform implementation: [org.hibernate.engine.transaction.jta.platform.internal.NoJtaPlatform]
2021-04-18 13:12:08.117  INFO 94071 --- [    Test worker] j.LocalContainerEntityManagerFactoryBean : Initialized JPA EntityManagerFactory for persistence unit 'default'
2021-04-18 13:12:09.144  WARN 94071 --- [    Test worker] JpaBaseConfiguration$JpaWebConfiguration : spring.jpa.open-in-view is enabled by default. Therefore, database queries may be performed during view rendering. Explicitly configure spring.jpa.open-in-view to disable this warning
2021-04-18 13:12:10.353  INFO 94071 --- [    Test worker] o.s.s.web.DefaultSecurityFilterChain     : Will secure any request with [org.springframework.security.web.context.request.async.WebAsyncManagerIntegrationFilter@c4996d6, org.springframework.security.web.context.SecurityContextPersistenceFilter@49fbc2a6, org.springframework.security.web.header.HeaderWriterFilter@54f1db0c, org.springframework.web.filter.CorsFilter@590753cb, org.springframework.security.web.authentication.logout.LogoutFilter@5a7fe501, com.example.anketify.components.JwtRequestFilter@38a5405c, org.springframework.security.web.savedrequest.RequestCacheAwareFilter@254cde57, org.springframework.security.web.servletapi.SecurityContextHolderAwareRequestFilter@751452, org.springframework.security.web.authentication.AnonymousAuthenticationFilter@5e193b12, org.springframework.security.web.session.SessionManagementFilter@518b9453, org.springframework.security.web.access.ExceptionTranslationFilter@4102bfc9, org.springframework.security.web.access.intercept.FilterSecurityInterceptor@25cd9185]
2021-04-18 13:12:10.657  INFO 94071 --- [    Test worker] o.s.s.concurrent.ThreadPoolTaskExecutor  : Initializing ExecutorService 'applicationTaskExecutor'
2021-04-18 13:12:11.167  INFO 94071 --- [    Test worker] o.s.b.t.m.w.SpringBootMockServletContext : Initializing Spring TestDispatcherServlet ''
2021-04-18 13:12:11.167  INFO 94071 --- [    Test worker] o.s.t.web.servlet.TestDispatcherServlet  : Initializing Servlet ''
2021-04-18 13:12:11.169  INFO 94071 --- [    Test worker] o.s.t.web.servlet.TestDispatcherServlet  : Completed initialization in 1 ms
2021-04-18 13:12:11.203  INFO 94071 --- [    Test worker] c.e.anketify.AnketifyApplicationTests    : Started AnketifyApplicationTests in 13.995 seconds (JVM running for 16.159)
2021-04-18 13:12:11.820  INFO 94071 --- [    Test worker] o.s.mock.web.MockServletContext          : Initializing Spring TestDispatcherServlet ''
2021-04-18 13:12:11.820  INFO 94071 --- [    Test worker] o.s.t.web.servlet.TestDispatcherServlet  : Initializing Servlet ''
2021-04-18 13:12:11.821  INFO 94071 --- [    Test worker] o.s.t.web.servlet.TestDispatcherServlet  : Completed initialization in 1 ms
2021-04-18 13:12:11.990  INFO 94071 --- [    Test worker] o.s.s.concurrent.ThreadPoolTaskExecutor  : Shutting down ExecutorService 'applicationTaskExecutor'
2021-04-18 13:12:11.994  INFO 94071 --- [    Test worker] j.LocalContainerEntityManagerFactoryBean : Closing JPA EntityManagerFactory for persistence unit 'default'
2021-04-18 13:12:11.997  INFO 94071 --- [    Test worker] com.zaxxer.hikari.HikariDataSource       : HikariPool-1 - Shutdown initiated...
2021-04-18 13:12:12.013  INFO 94071 --- [    Test worker] com.zaxxer.hikari.HikariDataSource       : HikariPool-1 - Shutdown completed.
]]></system-out>
  <system-err><![CDATA[]]></system-err>
</testsuite>
